mode: set
go-app/repository/video_repository.go:17.64,28.2 6 1
go-app/repository/video_repository.go:30.44,32.2 1 1
go-app/service/video_service.go:16.55,18.2 1 1
go-app/service/video_service.go:20.76,22.2 1 1
go-app/controller/video_controller.go:18.77,19.32 1 1
go-app/controller/video_controller.go:19.32,21.3 1 1
go-app/controller/video_controller.go:21.8,23.3 1 1
go-app/controller/video_controller.go:26.60,28.16 2 1
go-app/controller/video_controller.go:32.2,36.21 4 1
go-app/controller/video_controller.go:28.16,30.3 1 1
go-app/controller/video_controller.go:39.73,41.2 1 1
