<?xml version="1.0" encoding="UTF-8"?>
<coverage generated="1645098248691" clover="3.2.0">
  <project timestamp="1645098248692" name="All files">
    <metrics statements="23" coveredstatements="17" conditionals="10" coveredconditionals="6" methods="10" coveredmethods="8" elements="43" coveredelements="31" complexity="0" loc="23" ncloc="23" packages="3" files="4" classes="4"/>
    <package name="src">
      <metrics statements="14" coveredstatements="10" conditionals="10" coveredconditionals="6" methods="4" coveredmethods="4"/>
      <file name="api.js" path="C:\Users\Habib\Documents\Projects\weekFour\vue-app\src\api.js">
        <metrics statements="14" coveredstatements="10" conditionals="10" coveredconditionals="6" methods="4" coveredmethods="4"/>
        <line num="4" count="2" type="stmt"/>
        <line num="7" count="3" type="stmt"/>
        <line num="9" count="3" type="stmt"/>
        <line num="10" count="3" type="cond" truecount="3" falsecount="1"/>
        <line num="11" count="0" type="stmt"/>
        <line num="13" count="3" type="cond" truecount="1" falsecount="1"/>
        <line num="14" count="0" type="stmt"/>
        <line num="16" count="3" type="stmt"/>
        <line num="20" count="1" type="cond" truecount="1" falsecount="1"/>
        <line num="21" count="0" type="stmt"/>
        <line num="24" count="1" type="cond" truecount="1" falsecount="1"/>
        <line num="25" count="0" type="stmt"/>
        <line num="27" count="1" type="stmt"/>
        <line num="31" count="1" type="stmt"/>
      </file>
    </package>
    <package name="src.components">
      <metrics statements="4" coveredstatements="2" conditionals="0" coveredconditionals="0" methods="4" coveredmethods="2"/>
      <file name="Header.vue" path="C:\Users\Habib\Documents\Projects\weekFour\vue-app\src\components\Header.vue">
        <metrics statements="2" coveredstatements="0" conditionals="0" coveredconditionals="0" methods="2" coveredmethods="0"/>
        <line num="13" count="0" type="stmt"/>
        <line num="16" count="0" type="stmt"/>
      </file>
      <file name="Video.vue" path="C:\Users\Habib\Documents\Projects\weekFour\vue-app\src\components\Video.vue">
        <metrics statements="2" coveredstatements="2" conditionals="0" coveredconditionals="0" methods="2" coveredmethods="2"/>
        <line num="33" count="3" type="stmt"/>
        <line num="39" count="1" type="stmt"/>
      </file>
    </package>
    <package name="src.views">
      <metrics statements="5" coveredstatements="5" conditionals="0" coveredconditionals="0" methods="2" coveredmethods="2"/>
      <file name="Home.vue" path="C:\Users\Habib\Documents\Projects\weekFour\vue-app\src\views\Home.vue">
        <metrics statements="5" coveredstatements="5" conditionals="0" coveredconditionals="0" methods="2" coveredmethods="2"/>
        <line num="14" count="1" type="stmt"/>
        <line num="15" count="1" type="stmt"/>
        <line num="16" count="1" type="stmt"/>
        <line num="25" count="2" type="stmt"/>
        <line num="30" count="2" type="stmt"/>
      </file>
    </package>
  </project>
</coverage>
