TN:
SF:C:\Users\Habib\Documents\Projects\weekFour\vue-app\src\api.js
FN:8,(anonymous_0)
FN:19,(anonymous_1)
FN:30,(anonymous_2)
FN:31,(anonymous_3)
FNF:4
FNH:4
FNDA:3,(anonymous_0)
FNDA:1,(anonymous_1)
FNDA:1,(anonymous_2)
FNDA:1,(anonymous_3)
DA:4,2
DA:7,3
DA:9,3
DA:10,3
DA:11,0
DA:13,3
DA:14,0
DA:16,3
DA:20,1
DA:21,0
DA:24,1
DA:25,0
DA:27,1
DA:31,1
LF:14
LH:10
BRDA:10,0,0,0
BRDA:10,0,1,3
BRDA:10,1,0,3
BRDA:10,1,1,3
BRDA:13,2,0,0
BRDA:13,2,1,3
BRDA:20,3,0,0
BRDA:20,3,1,1
BRDA:24,4,0,0
BRDA:24,4,1,1
BRF:10
BRH:6
end_of_record
TN:
SF:C:\Users\Habib\Documents\Projects\weekFour\vue-app\src\components\Header.vue
FN:12,(anonymous_1)
FN:15,(anonymous_2)
FNF:2
FNH:0
FNDA:0,(anonymous_1)
FNDA:0,(anonymous_2)
DA:13,0
DA:16,0
LF:2
LH:0
BRF:0
BRH:0
end_of_record
TN:
SF:C:\Users\Habib\Documents\Projects\weekFour\vue-app\src\components\Video.vue
FN:32,(anonymous_1)
FN:38,(anonymous_2)
FNF:2
FNH:2
FNDA:3,(anonymous_1)
FNDA:1,(anonymous_2)
DA:33,3
DA:39,1
LF:2
LH:2
BRF:0
BRH:0
end_of_record
TN:
SF:C:\Users\Habib\Documents\Projects\weekFour\vue-app\src\views\Home.vue
FN:24,(anonymous_1)
FN:29,(anonymous_2)
FNF:2
FNH:2
FNDA:2,(anonymous_1)
FNDA:2,(anonymous_2)
DA:14,1
DA:15,1
DA:16,1
DA:25,2
DA:30,2
LF:5
LH:5
BRF:0
BRH:0
end_of_record
